<?xml version="1.0" encoding="UTF-8"?>
<!-- Generated by org.testng.reporters.JUnitXMLReporter -->
<testsuite hostname="Arun-PC" name="Test" tests="1" failures="0" timestamp="17 Aug 2018 01:54:37 GMT" time="53.226" errors="0">
  <testcase name="@BeforeClass beforeClass" time="0.0" classname="test.testngdemo1">
    <failure type="org.openqa.selenium.WebDriverException" message="Failed to connect to binary FirefoxBinary(C:\Program Files\Mozilla Firefox\firefox.exe) on port 7055; process output follows: 
la.org.xpi
1534470845973	addons.xpi	DEBUG	Existing add-on aushelper@mozilla.org in app-system-defaults
1534470845973	addons.xpi	DEBUG	Existing add-on clicktoplay-rollout@mozilla.org in app-system-defaults
1534470845974	addons.xpi	DEBUG	Existing add-on e10srollout@mozilla.org in app-system-defaults
1534470845974	addons.xpi	DEBUG	Existing add-on firefox@getpocket.com in app-system-defaults
1534470845974	addons.xpi	DEBUG	Existing add-on followonsearch@mozilla.com in app-system-defaults
1534470845975	addons.xpi	DEBUG	Existing add-on screenshots@mozilla.org in app-system-defaults
1534470845975	addons.xpi	DEBUG	Existing add-on shield-recipe-client@mozilla.org in app-system-defaults
1534470845976	addons.xpi	DEBUG	Existing add-on webcompat@mozilla.org in app-system-defaults
1534470846030	addons.xpi	INFO	Mapping {972ce4c6-7e08-4474-a285-3208198ce6fd} to C:\Program Files\Mozilla Firefox\browser\extensions\{972ce4c6-7e08-4474-a285-3208198ce6fd}.xpi
1534470846034	addons.xpi	DEBUG	Existing add-on {972ce4c6-7e08-4474-a285-3208198ce6fd} in app-global
1534470846034	addons.xpi	DEBUG	getInstallState changed: false, state: {}
[Child 2604] WARNING: pipe error: 109: file c:/builds/moz2_slave/m-rel-w32-00000000000000000000/build/src/ipc/chromium/src/chrome/common/ipc_channel_win.cc, line 346
1534470846910	addons.productaddons	INFO	sending request to: https://aus5.mozilla.org/update/3/GMP/55.0/20170803103124/WINNT_x86-msvc-x86/en-US/release-cck-mozilla-EMEfree/Windows_NT%2010.0.0.0%20(x86)/mozilla-EMEfree/1.0/update.xml
1534470848967	addons.productaddons	INFO	Completed downloading document
1534470849197	addons.productaddons	INFO	downloadXHR File download. status=200
1534470849216	addons.productaddons	INFO	Downloaded file will be saved to C:\Users\Arun\AppData\Local\Temp\tmpaddon
1534470851758	addons.xpi	DEBUG	Calling bootstrap method shutdown on webcompat@mozilla.org version 1.1
1534470851758	addons.xpi	DEBUG	Calling bootstrap method shutdown on shield-recipe-client@mozilla.org version 55.1
1534470851762	addons.xpi	DEBUG	Calling bootstrap method shutdown on screenshots@mozilla.org version 10.10.0
1534470851764	addons.xpi	DEBUG	Calling bootstrap method shutdown on followonsearch@mozilla.com version 0.9.1
1534470851764	addons.xpi	DEBUG	Calling bootstrap method shutdown on firefox@getpocket.com version 1.0.5
1534470851765	addons.xpi	DEBUG	Calling bootstrap method shutdown on e10srollout@mozilla.org version 2.0
1534470851766	addons.xpi	DEBUG	Calling bootstrap method shutdown on clicktoplay-rollout@mozilla.org version 1.2
1534470851766	addons.xpi	DEBUG	Calling bootstrap method shutdown on aushelper@mozilla.org version 2.0
[GPU 6880] WARNING: pipe error: 109: file c:/builds/moz2_slave/m-rel-w32-00000000000000000000/build/src/ipc/chromium/src/chrome/common/ipc_channel_win.cc, line 346
[GPU 6880] WARNING: pipe error: 109: file c:/builds/moz2_slave/m-rel-w32-00000000000000000000/build/src/ipc/chromium/src/chrome/common/ipc_channel_win.cc, line 346
JavaScript error: resource://shield-recipe-client/lib/RecipeRunner.jsm, line 153: TypeError: prefs is undefined
[Parent 7816] WARNING: pipe error: 109: file c:/builds/moz2_slave/m-rel-w32-00000000000000000000/build/src/ipc/chromium/src/chrome/common/ipc_channel_win.cc, line 346
1534470852252	addons.manager	DEBUG	shutdown
1534470852256	addons.manager	DEBUG	Calling shutdown blocker for XPIProvider
1534470852256	addons.xpi	DEBUG	shutdown
1534470852257	addons.xpi-utils	DEBUG	shutdown
1534470852260	addons.manager	DEBUG	Calling shutdown blocker for LightweightThemeManager
1534470852262	addons.manager	DEBUG	Calling shutdown blocker for GMPProvider
1534470852266	addons.manager	DEBUG	Calling shutdown blocker for PluginProvider
1534470852268	addons.manager	DEBUG	Calling shutdown blocker for PreviousExperimentProvider
1534470852269	addons.manager	DEBUG	Calling shutdown blocker for &amp;lt;unnamed-provider&amp;gt;
1534470852278	addons.xpi	DEBUG	Notifying XPI shutdown observers
1534470852304	addons.manager	DEBUG	Async provider shutdown done
[GPU 6880] WARNING: pipe error: 109: file c:/builds/moz2
Build info: version: &amp;apos;2.53.1&amp;apos;, revision: &amp;apos;a36b8b1cd5757287168e54b817830adce9b0158d&amp;apos;, time: &amp;apos;2016-06-30 19:26:09&amp;apos;
System info: host: &amp;apos;Arun-PC&amp;apos;, ip: &amp;apos;192.168.1.2&amp;apos;, os.name: &amp;apos;Windows 10&amp;apos;, os.arch: &amp;apos;x86&amp;apos;, os.version: &amp;apos;10.0&amp;apos;, java.version: &amp;apos;1.8.0_121&amp;apos;
Driver info: driver.version: FirefoxDriver">
      <![CDATA[org.openqa.selenium.WebDriverException: Failed to connect to binary FirefoxBinary(C:\Program Files\Mozilla Firefox\firefox.exe) on port 7055; process output follows: 
la.org.xpi
1534470845973	addons.xpi	DEBUG	Existing add-on aushelper@mozilla.org in app-system-defaults
1534470845973	addons.xpi	DEBUG	Existing add-on clicktoplay-rollout@mozilla.org in app-system-defaults
1534470845974	addons.xpi	DEBUG	Existing add-on e10srollout@mozilla.org in app-system-defaults
1534470845974	addons.xpi	DEBUG	Existing add-on firefox@getpocket.com in app-system-defaults
1534470845974	addons.xpi	DEBUG	Existing add-on followonsearch@mozilla.com in app-system-defaults
1534470845975	addons.xpi	DEBUG	Existing add-on screenshots@mozilla.org in app-system-defaults
1534470845975	addons.xpi	DEBUG	Existing add-on shield-recipe-client@mozilla.org in app-system-defaults
1534470845976	addons.xpi	DEBUG	Existing add-on webcompat@mozilla.org in app-system-defaults
1534470846030	addons.xpi	INFO	Mapping {972ce4c6-7e08-4474-a285-3208198ce6fd} to C:\Program Files\Mozilla Firefox\browser\extensions\{972ce4c6-7e08-4474-a285-3208198ce6fd}.xpi
1534470846034	addons.xpi	DEBUG	Existing add-on {972ce4c6-7e08-4474-a285-3208198ce6fd} in app-global
1534470846034	addons.xpi	DEBUG	getInstallState changed: false, state: {}
[Child 2604] WARNING: pipe error: 109: file c:/builds/moz2_slave/m-rel-w32-00000000000000000000/build/src/ipc/chromium/src/chrome/common/ipc_channel_win.cc, line 346
1534470846910	addons.productaddons	INFO	sending request to: https://aus5.mozilla.org/update/3/GMP/55.0/20170803103124/WINNT_x86-msvc-x86/en-US/release-cck-mozilla-EMEfree/Windows_NT%2010.0.0.0%20(x86)/mozilla-EMEfree/1.0/update.xml
1534470848967	addons.productaddons	INFO	Completed downloading document
1534470849197	addons.productaddons	INFO	downloadXHR File download. status=200
1534470849216	addons.productaddons	INFO	Downloaded file will be saved to C:\Users\Arun\AppData\Local\Temp\tmpaddon
1534470851758	addons.xpi	DEBUG	Calling bootstrap method shutdown on webcompat@mozilla.org version 1.1
1534470851758	addons.xpi	DEBUG	Calling bootstrap method shutdown on shield-recipe-client@mozilla.org version 55.1
1534470851762	addons.xpi	DEBUG	Calling bootstrap method shutdown on screenshots@mozilla.org version 10.10.0
1534470851764	addons.xpi	DEBUG	Calling bootstrap method shutdown on followonsearch@mozilla.com version 0.9.1
1534470851764	addons.xpi	DEBUG	Calling bootstrap method shutdown on firefox@getpocket.com version 1.0.5
1534470851765	addons.xpi	DEBUG	Calling bootstrap method shutdown on e10srollout@mozilla.org version 2.0
1534470851766	addons.xpi	DEBUG	Calling bootstrap method shutdown on clicktoplay-rollout@mozilla.org version 1.2
1534470851766	addons.xpi	DEBUG	Calling bootstrap method shutdown on aushelper@mozilla.org version 2.0
[GPU 6880] WARNING: pipe error: 109: file c:/builds/moz2_slave/m-rel-w32-00000000000000000000/build/src/ipc/chromium/src/chrome/common/ipc_channel_win.cc, line 346
[GPU 6880] WARNING: pipe error: 109: file c:/builds/moz2_slave/m-rel-w32-00000000000000000000/build/src/ipc/chromium/src/chrome/common/ipc_channel_win.cc, line 346
JavaScript error: resource://shield-recipe-client/lib/RecipeRunner.jsm, line 153: TypeError: prefs is undefined
[Parent 7816] WARNING: pipe error: 109: file c:/builds/moz2_slave/m-rel-w32-00000000000000000000/build/src/ipc/chromium/src/chrome/common/ipc_channel_win.cc, line 346
1534470852252	addons.manager	DEBUG	shutdown
1534470852256	addons.manager	DEBUG	Calling shutdown blocker for XPIProvider
1534470852256	addons.xpi	DEBUG	shutdown
1534470852257	addons.xpi-utils	DEBUG	shutdown
1534470852260	addons.manager	DEBUG	Calling shutdown blocker for LightweightThemeManager
1534470852262	addons.manager	DEBUG	Calling shutdown blocker for GMPProvider
1534470852266	addons.manager	DEBUG	Calling shutdown blocker for PluginProvider
1534470852268	addons.manager	DEBUG	Calling shutdown blocker for PreviousExperimentProvider
1534470852269	addons.manager	DEBUG	Calling shutdown blocker for <unnamed-provider>
1534470852278	addons.xpi	DEBUG	Notifying XPI shutdown observers
1534470852304	addons.manager	DEBUG	Async provider shutdown done
[GPU 6880] WARNING: pipe error: 109: file c:/builds/moz2
Build info: version: '2.53.1', revision: 'a36b8b1cd5757287168e54b817830adce9b0158d', time: '2016-06-30 19:26:09'
System info: host: 'Arun-PC', ip: '192.168.1.2', os.name: 'Windows 10', os.arch: 'x86', os.version: '10.0', java.version: '1.8.0_121'
Driver info: driver.version: FirefoxDriver
	at org.openqa.selenium.firefox.internal.NewProfileExtensionConnection.start(NewProfileExtensionConnection.java:125)
	at org.openqa.selenium.firefox.FirefoxDriver.startClient(FirefoxDriver.java:271)
	at org.openqa.selenium.remote.RemoteWebDriver.<init>(RemoteWebDriver.java:119)
	at org.openqa.selenium.firefox.FirefoxDriver.<init>(FirefoxDriver.java:216)
	at org.openqa.selenium.firefox.FirefoxDriver.<init>(FirefoxDriver.java:211)
	at org.openqa.selenium.firefox.FirefoxDriver.<init>(FirefoxDriver.java:207)
	at org.openqa.selenium.firefox.FirefoxDriver.<init>(FirefoxDriver.java:120)
	at test.testngdemo1.beforeClass(testngdemo1.java:22)
Caused by: org.openqa.selenium.firefox.NotConnectedException: Unable to connect to host 127.0.0.1 on port 7055 after 45000 ms. Firefox console output:
la.org.xpi
1534470845973	addons.xpi	DEBUG	Existing add-on aushelper@mozilla.org in app-system-defaults
1534470845973	addons.xpi	DEBUG	Existing add-on clicktoplay-rollout@mozilla.org in app-system-defaults
1534470845974	addons.xpi	DEBUG	Existing add-on e10srollout@mozilla.org in app-system-defaults
1534470845974	addons.xpi	DEBUG	Existing add-on firefox@getpocket.com in app-system-defaults
1534470845974	addons.xpi	DEBUG	Existing add-on followonsearch@mozilla.com in app-system-defaults
1534470845975	addons.xpi	DEBUG	Existing add-on screenshots@mozilla.org in app-system-defaults
1534470845975	addons.xpi	DEBUG	Existing add-on shield-recipe-client@mozilla.org in app-system-defaults
1534470845976	addons.xpi	DEBUG	Existing add-on webcompat@mozilla.org in app-system-defaults
1534470846030	addons.xpi	INFO	Mapping {972ce4c6-7e08-4474-a285-3208198ce6fd} to C:\Program Files\Mozilla Firefox\browser\extensions\{972ce4c6-7e08-4474-a285-3208198ce6fd}.xpi
1534470846034	addons.xpi	DEBUG	Existing add-on {972ce4c6-7e08-4474-a285-3208198ce6fd} in app-global
1534470846034	addons.xpi	DEBUG	getInstallState changed: false, state: {}
[Child 2604] WARNING: pipe error: 109: file c:/builds/moz2_slave/m-rel-w32-00000000000000000000/build/src/ipc/chromium/src/chrome/common/ipc_channel_win.cc, line 346
1534470846910	addons.productaddons	INFO	sending request to: https://aus5.mozilla.org/update/3/GMP/55.0/20170803103124/WINNT_x86-msvc-x86/en-US/release-cck-mozilla-EMEfree/Windows_NT%2010.0.0.0%20(x86)/mozilla-EMEfree/1.0/update.xml
1534470848967	addons.productaddons	INFO	Completed downloading document
1534470849197	addons.productaddons	INFO	downloadXHR File download. status=200
1534470849216	addons.productaddons	INFO	Downloaded file will be saved to C:\Users\Arun\AppData\Local\Temp\tmpaddon
1534470851758	addons.xpi	DEBUG	Calling bootstrap method shutdown on webcompat@mozilla.org version 1.1
1534470851758	addons.xpi	DEBUG	Calling bootstrap method shutdown on shield-recipe-client@mozilla.org version 55.1
1534470851762	addons.xpi	DEBUG	Calling bootstrap method shutdown on screenshots@mozilla.org version 10.10.0
1534470851764	addons.xpi	DEBUG	Calling bootstrap method shutdown on followonsearch@mozilla.com version 0.9.1
1534470851764	addons.xpi	DEBUG	Calling bootstrap method shutdown on firefox@getpocket.com version 1.0.5
1534470851765	addons.xpi	DEBUG	Calling bootstrap method shutdown on e10srollout@mozilla.org version 2.0
1534470851766	addons.xpi	DEBUG	Calling bootstrap method shutdown on clicktoplay-rollout@mozilla.org version 1.2
1534470851766	addons.xpi	DEBUG	Calling bootstrap method shutdown on aushelper@mozilla.org version 2.0
[GPU 6880] WARNING: pipe error: 109: file c:/builds/moz2_slave/m-rel-w32-00000000000000000000/build/src/ipc/chromium/src/chrome/common/ipc_channel_win.cc, line 346
[GPU 6880] WARNING: pipe error: 109: file c:/builds/moz2_slave/m-rel-w32-00000000000000000000/build/src/ipc/chromium/src/chrome/common/ipc_channel_win.cc, line 346
JavaScript error: resource://shield-recipe-client/lib/RecipeRunner.jsm, line 153: TypeError: prefs is undefined
[Parent 7816] WARNING: pipe error: 109: file c:/builds/moz2_slave/m-rel-w32-00000000000000000000/build/src/ipc/chromium/src/chrome/common/ipc_channel_win.cc, line 346
1534470852252	addons.manager	DEBUG	shutdown
1534470852256	addons.manager	DEBUG	Calling shutdown blocker for XPIProvider
1534470852256	addons.xpi	DEBUG	shutdown
1534470852257	addons.xpi-utils	DEBUG	shutdown
1534470852260	addons.manager	DEBUG	Calling shutdown blocker for LightweightThemeManager
1534470852262	addons.manager	DEBUG	Calling shutdown blocker for GMPProvider
1534470852266	addons.manager	DEBUG	Calling shutdown blocker for PluginProvider
1534470852268	addons.manager	DEBUG	Calling shutdown blocker for PreviousExperimentProvider
1534470852269	addons.manager	DEBUG	Calling shutdown blocker for <unnamed-provider>
1534470852278	addons.xpi	DEBUG	Notifying XPI shutdown observers
1534470852304	addons.manager	DEBUG	Async provider shutdown done
[GPU 6880] WARNING: pipe error: 109: file c:/builds/moz2
	at org.openqa.selenium.firefox.internal.NewProfileExtensionConnection.start(NewProfileExtensionConnection.java:113)
	... 31 more
... Removed 24 stack frames]]>
    </failure>
  </testcase> <!-- @BeforeClass beforeClass -->
  <testcase name="@AfterClass afterClass" time="0.0" classname="test.testngdemo1">
    <skipped/>
  </testcase> <!-- @AfterClass afterClass -->
  <testcase name="openMyBlog" time="0.004" classname="test.testngdemo1">
    <skipped/>
  </testcase> <!-- openMyBlog -->
</testsuite> <!-- Test -->
